Arguments: 
  /usr/bin/node /usr/share/yarn/bin/yarn.js add jquery

PATH: 
  /home/slfuqua/bin:/home/slfuqua/.local/bin:/usr/local/sbin:/usr/local/bin:/usr/sbin:/usr/bin:/sbin:/bin:/usr/games:/usr/local/games:/mnt/c/Python27:/mnt/c/Python27/Scripts:/mnt/c/ProgramData/Oracle/Java/javapath_target_751296:/mnt/c/Windows/System32:/mnt/c/Windows:/mnt/c/Windows/System32/wbem:/mnt/c/Windows/System32/WindowsPowerShell/v1.0:/mnt/c/Program Files/jEdit:/mnt/c/Program Files/Git/cmd:/mnt/c/Program Files (x86)/Yarn/bin:/mnt/c/Users/sherrie/AppData/Local/Programs/Python/Python36/Scripts:/mnt/c/Users/sherrie/AppData/Local/Programs/Python/Python36:/mnt/c/Users/sherrie/AppData/Local/Microsoft/WindowsApps:/mnt/c/Program Files/Microsoft VS Code/bin:/mnt/c/Users/sherrie/AppData/Local/GitHubDesktop/bin:/snap/bin

Yarn version: 
  1.3.2

Node version: 
  6.13.0

Platform: 
  linux x64

npm manifest: 
  {
    "dependencies": {
      "bootstrap": "^4.0.0",
      "jquery": "^3.3.1",
      "popper.js": "^1.12.9"
    }
  }

yarn manifest: 
  No manifest

Lockfile: 
  # THIS IS AN AUTOGENERATED FILE. DO NOT EDIT THIS FILE DIRECTLY.
  # yarn lockfile v1
  
  
  bootstrap@^4.0.0:
    version "4.0.0"
    resolved "https://registry.yarnpkg.com/bootstrap/-/bootstrap-4.0.0.tgz#ceb03842c145fcc1b9b4e15da2a05656ba68469a"
  
  jquery@^3.3.1:
    version "3.3.1"
    resolved "https://registry.yarnpkg.com/jquery/-/jquery-3.3.1.tgz#958ce29e81c9790f31be7792df5d4d95fc57fbca"
  
  popper.js@^1.12.9:
    version "1.12.9"
    resolved "https://registry.yarnpkg.com/popper.js/-/popper.js-1.12.9.tgz#0dfbc2dff96c451bb332edcfcfaaf566d331d5b3"

Trace: 
  Error: EACCES: permission denied, scandir '/home/slfuqua/.config/yarn/link'
      at Error (native)
